Thu Jul 12 11:48:30 2018:license key is:YZYN-O1HT-FDER-K7E5

Thu Jul 12 11:48:30 2018:license key file path is:/home/liujinhui/桌面/faceoffline/test-face-api/license.ini

Thu Jul 12 11:48:30 2018:auth result in dll is success

Thu Jul 12 11:48:30 2018:in sdk init and is authed

Thu Jul 12 11:48:30 2018:out BaiduFaceApi::sdk_init and init success

Thu Jul 12 14:29:38 2018:license key is:YZYN-O1HT-FDER-K7E5

Thu Jul 12 14:29:38 2018:license key file path is:/home/liujinhui/桌面/faceoffline/test-face-api/license.ini

Thu Jul 12 14:29:38 2018:auth result in dll is success

Thu Jul 12 14:29:38 2018:in sdk init and is authed

Thu Jul 12 14:29:38 2018:out BaiduFaceApi::sdk_init and init success

Thu Jul 12 20:36:20 2018:license key is:YZYN-O1HT-FDER-K7E5

Thu Jul 12 20:36:20 2018:license key file path is:/home/liujinhui/桌面/faceoffline/test-face-api/license.ini

Thu Jul 12 20:36:20 2018:auth result in dll is success

Thu Jul 12 20:36:20 2018:in sdk init and is authed

Thu Jul 12 20:36:20 2018:out BaiduFaceApi::sdk_init and init success

Fri Jul 13 11:20:54 2018:license key is:YZYN-O1HT-FDER-K7E5

Fri Jul 13 11:20:54 2018:license key file path is:/home/liujinhui/桌面/icode-faceoffline/baidu/aip-linux/FaceOffline/test-face-api/license.ini

Fri Jul 13 11:20:54 2018:auth result in dll is success

Fri Jul 13 11:20:54 2018:in sdk init and is authed

Fri Jul 13 11:20:54 2018:out BaiduFaceApi::sdk_init and init success

Fri Jul 13 11:27:10 2018:license key is:YZYN-O1HT-FDER-K7E5

Fri Jul 13 11:27:10 2018:license key file path is:/home/liujinhui/桌面/icode-faceoffline/baidu/aip-linux/FaceOffline/test-face-api/license.ini

Fri Jul 13 11:27:10 2018:auth result in dll is success

Fri Jul 13 11:27:10 2018:in sdk init and is authed

Fri Jul 13 11:27:10 2018:out BaiduFaceApi::sdk_init and init success

Fri Jul 13 11:44:03 2018:license key is:YZYN-O1HT-FDER-K7E5

Fri Jul 13 11:44:03 2018:license key file path is:/home/liujinhui/桌面/icode-faceoffline/baidu/aip-linux/FaceOffline/test-face-api/license.ini

Fri Jul 13 11:44:03 2018:auth result in dll is success

Fri Jul 13 11:44:03 2018:in sdk init and is authed

Fri Jul 13 11:44:03 2018:out BaiduFaceApi::sdk_init and init success

Fri Jul 13 11:48:31 2018:license key is:YZYN-O1HT-FDER-K7E5

Fri Jul 13 11:48:31 2018:license key file path is:/home/liujinhui/桌面/icode-faceoffline/baidu/aip-linux/FaceOffline/test-face-api/license.ini

Fri Jul 13 11:48:31 2018:auth result in dll is success

Fri Jul 13 11:48:31 2018:in sdk init and is authed

Fri Jul 13 11:48:31 2018:out BaiduFaceApi::sdk_init and init success

Fri Jul 13 13:20:11 2018:license key is:YZYN-O1HT-FDER-K7E5

Fri Jul 13 13:20:11 2018:license key file path is:/home/liujinhui/桌面/icode-faceoffline/baidu/aip-linux/FaceOffline/test-face-api/license.ini

Fri Jul 13 13:20:11 2018:auth result in dll is success

Fri Jul 13 13:20:11 2018:in sdk init and is authed

Fri Jul 13 13:20:11 2018:out BaiduFaceApi::sdk_init and init success

Fri Jul 13 13:22:32 2018:license key is:YZYN-O1HT-FDER-K7E5

Fri Jul 13 13:22:32 2018:license key file path is:/home/liujinhui/桌面/icode-faceoffline/baidu/aip-linux/FaceOffline/test-face-api/license.ini

Fri Jul 13 13:22:32 2018:auth result in dll is success

Fri Jul 13 13:22:32 2018:in sdk init and is authed

Fri Jul 13 13:22:32 2018:out BaiduFaceApi::sdk_init and init success

Fri Jul 13 13:23:32 2018:license key is:YZYN-O1HT-FDER-K7E5

Fri Jul 13 13:23:32 2018:license key file path is:/home/liujinhui/桌面/icode-faceoffline/baidu/aip-linux/FaceOffline/test-face-api/license.ini

Fri Jul 13 13:23:32 2018:auth result in dll is success

Fri Jul 13 13:23:32 2018:in sdk init and is authed

Fri Jul 13 13:23:32 2018:out BaiduFaceApi::sdk_init and init success

Fri Jul 13 14:03:15 2018:license key is:YZYN-O1HT-FDER-K7E5

Fri Jul 13 14:03:15 2018:license key file path is:/home/liujinhui/桌面/icode-faceoffline/baidu/aip-linux/FaceOffline/test-face-api/license.ini

Fri Jul 13 14:03:15 2018:auth result in dll is success

Fri Jul 13 14:03:15 2018:in sdk init and is authed

Fri Jul 13 14:03:15 2018:out BaiduFaceApi::sdk_init and init success

Fri Jul 13 14:04:54 2018:license key is:YZYN-O1HT-FDER-K7E5

Fri Jul 13 14:04:54 2018:license key file path is:/home/liujinhui/桌面/icode-faceoffline/baidu/aip-linux/FaceOffline/test-face-api/license.ini

Fri Jul 13 14:04:54 2018:auth result in dll is success

Fri Jul 13 14:04:54 2018:in sdk init and is authed

Fri Jul 13 14:04:54 2018:out BaiduFaceApi::sdk_init and init success

Fri Jul 13 14:05:05 2018:license key is:YZYN-O1HT-FDER-K7E5

Fri Jul 13 14:05:05 2018:license key file path is:/home/liujinhui/桌面/icode-faceoffline/baidu/aip-linux/FaceOffline/test-face-api/license.ini

Fri Jul 13 14:05:05 2018:auth result in dll is success

Fri Jul 13 14:05:05 2018:in sdk init and is authed

Fri Jul 13 14:05:05 2018:out BaiduFaceApi::sdk_init and init success

Fri Jul 13 14:05:24 2018:license key is:YZYN-O1HT-FDER-K7E5

Fri Jul 13 14:05:24 2018:license key file path is:/home/liujinhui/桌面/icode-faceoffline/baidu/aip-linux/FaceOffline/test-face-api/license.ini

Fri Jul 13 14:05:24 2018:auth result in dll is success

Fri Jul 13 14:05:24 2018:in sdk init and is authed

Fri Jul 13 14:05:24 2018:out BaiduFaceApi::sdk_init and init success

Fri Jul 13 14:05:57 2018:license key is:YZYN-O1HT-FDER-K7E5

Fri Jul 13 14:05:57 2018:license key file path is:/home/liujinhui/桌面/icode-faceoffline/baidu/aip-linux/FaceOffline/test-face-api/license.ini

Fri Jul 13 14:05:57 2018:auth result in dll is success

Fri Jul 13 14:05:57 2018:in sdk init and is authed

Fri Jul 13 14:05:57 2018:out BaiduFaceApi::sdk_init and init success

Fri Jul 13 14:07:24 2018:license key is:YZYN-O1HT-FDER-K7E5

Fri Jul 13 14:07:24 2018:license key file path is:/home/liujinhui/桌面/icode-faceoffline/baidu/aip-linux/FaceOffline/test-face-api/license.ini

Fri Jul 13 14:07:24 2018:auth result in dll is success

Fri Jul 13 14:07:24 2018:in sdk init and is authed

Fri Jul 13 14:07:24 2018:out BaiduFaceApi::sdk_init and init success

Fri Jul 13 14:11:41 2018:license key is:YZYN-O1HT-FDER-K7E5

Fri Jul 13 14:11:41 2018:license key file path is:/home/liujinhui/桌面/icode-faceoffline/baidu/aip-linux/FaceOffline/test-face-api/license.ini

Fri Jul 13 14:11:41 2018:auth result in dll is success

Fri Jul 13 14:11:41 2018:in sdk init and is authed

Fri Jul 13 14:11:41 2018:out BaiduFaceApi::sdk_init and init success

Fri Jul 13 14:12:07 2018:license key is:YZYN-O1HT-FDER-K7E5

Fri Jul 13 14:12:07 2018:license key file path is:/home/liujinhui/桌面/icode-faceoffline/baidu/aip-linux/FaceOffline/test-face-api/license.ini

Fri Jul 13 14:12:07 2018:auth result in dll is success

Fri Jul 13 14:12:07 2018:in sdk init and is authed

Fri Jul 13 14:12:07 2018:out BaiduFaceApi::sdk_init and init success

Fri Jul 13 14:12:56 2018:license key is:YZYN-O1HT-FDER-K7E5

Fri Jul 13 14:12:56 2018:license key file path is:/home/liujinhui/桌面/icode-faceoffline/baidu/aip-linux/FaceOffline/test-face-api/license.ini

Fri Jul 13 14:12:56 2018:auth result in dll is success

Fri Jul 13 14:12:56 2018:in sdk init and is authed

Fri Jul 13 14:12:56 2018:out BaiduFaceApi::sdk_init and init success

Fri Jul 13 14:16:06 2018:license key is:YZYN-O1HT-FDER-K7E5

Fri Jul 13 14:16:06 2018:license key file path is:/home/liujinhui/桌面/icode-faceoffline/baidu/aip-linux/FaceOffline/test-face-api/license.ini

Fri Jul 13 14:16:06 2018:auth result in dll is success

Fri Jul 13 14:16:06 2018:in sdk init and is authed

Fri Jul 13 14:16:06 2018:out BaiduFaceApi::sdk_init and init success

Fri Jul 13 14:17:47 2018:license key is:YZYN-O1HT-FDER-K7E5

Fri Jul 13 14:17:47 2018:license key file path is:/home/liujinhui/桌面/icode-faceoffline/baidu/aip-linux/FaceOffline/test-face-api/license.ini

Fri Jul 13 14:17:47 2018:auth result in dll is success

Fri Jul 13 14:17:47 2018:in sdk init and is authed

Fri Jul 13 14:17:47 2018:out BaiduFaceApi::sdk_init and init success

Fri Jul 13 14:19:37 2018:license key is:YZYN-O1HT-FDER-K7E5

Fri Jul 13 14:19:37 2018:license key file path is:/home/liujinhui/桌面/icode-faceoffline/baidu/aip-linux/FaceOffline/test-face-api/license.ini

Fri Jul 13 14:19:37 2018:auth result in dll is success

Fri Jul 13 14:19:37 2018:in sdk init and is authed

Fri Jul 13 14:19:37 2018:out BaiduFaceApi::sdk_init and init success

Fri Jul 13 14:20:19 2018:license key is:YZYN-O1HT-FDER-K7E5

Fri Jul 13 14:20:19 2018:license key file path is:/home/liujinhui/桌面/icode-faceoffline/baidu/aip-linux/FaceOffline/test-face-api/license.ini

Fri Jul 13 14:20:19 2018:auth result in dll is success

Fri Jul 13 14:20:19 2018:in sdk init and is authed

Fri Jul 13 14:20:19 2018:out BaiduFaceApi::sdk_init and init success

Fri Jul 13 14:21:02 2018:license key is:YZYN-O1HT-FDER-K7E5

Fri Jul 13 14:21:02 2018:license key file path is:/home/liujinhui/桌面/icode-faceoffline/baidu/aip-linux/FaceOffline/test-face-api/license.ini

Fri Jul 13 14:21:02 2018:auth result in dll is success

Fri Jul 13 14:21:02 2018:in sdk init and is authed

Fri Jul 13 14:21:02 2018:out BaiduFaceApi::sdk_init and init success

Fri Jul 13 14:23:18 2018:license key is:YZYN-O1HT-FDER-K7E5

Fri Jul 13 14:23:18 2018:license key file path is:/home/liujinhui/桌面/icode-faceoffline/baidu/aip-linux/FaceOffline/test-face-api/license.ini

Fri Jul 13 14:23:18 2018:auth result in dll is success

Fri Jul 13 14:23:18 2018:in sdk init and is authed

Fri Jul 13 14:23:18 2018:out BaiduFaceApi::sdk_init and init success

Fri Jul 13 14:24:47 2018:license key is:YZYN-O1HT-FDER-K7E5

Fri Jul 13 14:24:47 2018:license key file path is:/home/liujinhui/桌面/icode-faceoffline/baidu/aip-linux/FaceOffline/test-face-api/license.ini

Fri Jul 13 14:24:47 2018:auth result in dll is success

Fri Jul 13 14:24:47 2018:in sdk init and is authed

Fri Jul 13 14:24:47 2018:out BaiduFaceApi::sdk_init and init success

Fri Jul 13 14:26:39 2018:license key is:YZYN-O1HT-FDER-K7E5

Fri Jul 13 14:26:39 2018:license key file path is:/home/liujinhui/桌面/icode-faceoffline/baidu/aip-linux/FaceOffline/test-face-api/license.ini

Fri Jul 13 14:26:39 2018:auth result in dll is success

Fri Jul 13 14:26:39 2018:in sdk init and is authed

Fri Jul 13 14:26:39 2018:out BaiduFaceApi::sdk_init and init success

Fri Jul 13 14:33:16 2018:license key is:YZYN-O1HT-FDER-K7E5

Fri Jul 13 14:33:16 2018:license key file path is:/home/liujinhui/桌面/icode-faceoffline/baidu/aip-linux/FaceOffline/test-face-api/license.ini

Fri Jul 13 14:33:16 2018:auth result in dll is success

Fri Jul 13 14:33:16 2018:in sdk init and is authed

Fri Jul 13 14:33:16 2018:out BaiduFaceApi::sdk_init and init success

Fri Jul 13 14:33:54 2018:license key is:YZYN-O1HT-FDER-K7E5

Fri Jul 13 14:33:54 2018:license key file path is:/home/liujinhui/桌面/icode-faceoffline/baidu/aip-linux/FaceOffline/test-face-api/license.ini

Fri Jul 13 14:33:54 2018:auth result in dll is success

Fri Jul 13 14:33:54 2018:in sdk init and is authed

Fri Jul 13 14:33:54 2018:out BaiduFaceApi::sdk_init and init success

Fri Jul 13 14:36:29 2018:license key is:YZYN-O1HT-FDER-K7E5

Fri Jul 13 14:36:29 2018:license key file path is:/home/liujinhui/桌面/icode-faceoffline/baidu/aip-linux/FaceOffline/test-face-api/license.ini

Fri Jul 13 14:36:29 2018:auth result in dll is success

Fri Jul 13 14:36:29 2018:in sdk init and is authed

Fri Jul 13 14:36:29 2018:out BaiduFaceApi::sdk_init and init success

Fri Jul 13 14:43:17 2018:license key is:YZYN-O1HT-FDER-K7E5

Fri Jul 13 14:43:17 2018:license key file path is:/home/liujinhui/桌面/icode-faceoffline/baidu/aip-linux/FaceOffline/test-face-api/license.ini

Fri Jul 13 14:43:17 2018:auth result in dll is success

Fri Jul 13 14:43:17 2018:in sdk init and is authed

Fri Jul 13 14:43:17 2018:out BaiduFaceApi::sdk_init and init success

Fri Jul 13 14:51:10 2018:license key is:YZYN-O1HT-FDER-K7E5

Fri Jul 13 14:51:10 2018:license key file path is:/home/liujinhui/桌面/icode-faceoffline/baidu/aip-linux/FaceOffline/test-face-api/license.ini

Fri Jul 13 14:51:10 2018:auth result in dll is success

Fri Jul 13 14:51:10 2018:in sdk init and is authed

Fri Jul 13 14:51:10 2018:out BaiduFaceApi::sdk_init and init success

Fri Jul 13 15:24:23 2018:license key is:YZYN-O1HT-FDER-K7E5

Fri Jul 13 15:24:23 2018:license key file path is:/home/liujinhui/桌面/icode-faceoffline/baidu/aip-linux/FaceOffline/test-face-api/license.ini

Fri Jul 13 15:24:23 2018:auth result in dll is success

Fri Jul 13 15:24:23 2018:in sdk init and is authed

Fri Jul 13 15:24:23 2018:out BaiduFaceApi::sdk_init and init success

Fri Jul 13 15:26:22 2018:license key is:YZYN-O1HT-FDER-K7E5

Fri Jul 13 15:26:22 2018:license key file path is:/home/liujinhui/桌面/icode-faceoffline/baidu/aip-linux/FaceOffline/test-face-api/license.ini

Fri Jul 13 15:26:22 2018:auth result in dll is success

Fri Jul 13 15:26:22 2018:in sdk init and is authed

Fri Jul 13 15:26:22 2018:out BaiduFaceApi::sdk_init and init success

Fri Jul 13 15:30:25 2018:license key is:YZYN-O1HT-FDER-K7E5

Fri Jul 13 15:30:25 2018:license key file path is:/home/liujinhui/桌面/icode-faceoffline/baidu/aip-linux/FaceOffline/test-face-api/license.ini

Fri Jul 13 15:30:25 2018:auth result in dll is success

Fri Jul 13 15:30:25 2018:in sdk init and is authed

Fri Jul 13 15:30:25 2018:out BaiduFaceApi::sdk_init and init success

Fri Jul 13 15:33:10 2018:license key is:YZYN-O1HT-FDER-K7E5

Fri Jul 13 15:33:10 2018:license key file path is:/home/liujinhui/桌面/icode-faceoffline/baidu/aip-linux/FaceOffline/test-face-api/license.ini

Fri Jul 13 15:33:10 2018:auth result in dll is success

Fri Jul 13 15:33:10 2018:in sdk init and is authed

Fri Jul 13 15:33:10 2018:out BaiduFaceApi::sdk_init and init success

Fri Jul 13 15:35:57 2018:license key is:YZYN-O1HT-FDER-K7E5

Fri Jul 13 15:35:57 2018:license key file path is:/home/liujinhui/桌面/icode-faceoffline/baidu/aip-linux/FaceOffline/test-face-api/license.ini

Fri Jul 13 15:35:57 2018:auth result in dll is success

Fri Jul 13 15:35:57 2018:in sdk init and is authed

Fri Jul 13 15:35:57 2018:out BaiduFaceApi::sdk_init and init success

Fri Jul 13 15:36:59 2018:license key is:YZYN-O1HT-FDER-K7E5

Fri Jul 13 15:36:59 2018:license key file path is:/home/liujinhui/桌面/icode-faceoffline/baidu/aip-linux/FaceOffline/test-face-api/license.ini

Fri Jul 13 15:36:59 2018:auth result in dll is success

Fri Jul 13 15:36:59 2018:in sdk init and is authed

Fri Jul 13 15:36:59 2018:out BaiduFaceApi::sdk_init and init success

Fri Jul 13 15:37:20 2018:license key is:YZYN-O1HT-FDER-K7E5

Fri Jul 13 15:37:20 2018:license key file path is:/home/liujinhui/桌面/icode-faceoffline/baidu/aip-linux/FaceOffline/test-face-api/license.ini

Fri Jul 13 15:37:20 2018:auth result in dll is success

Fri Jul 13 15:37:20 2018:in sdk init and is authed

Fri Jul 13 15:37:20 2018:out BaiduFaceApi::sdk_init and init success

Fri Jul 13 15:39:34 2018:license key is:YZYN-O1HT-FDER-K7E5

Fri Jul 13 15:39:34 2018:license key file path is:/home/liujinhui/桌面/icode-faceoffline/baidu/aip-linux/FaceOffline/test-face-api/license.ini

Fri Jul 13 15:39:34 2018:auth result in dll is success

Fri Jul 13 15:39:34 2018:in sdk init and is authed

Fri Jul 13 15:39:34 2018:out BaiduFaceApi::sdk_init and init success

Fri Jul 13 15:41:24 2018:license key is:YZYN-O1HT-FDER-K7E5

Fri Jul 13 15:41:24 2018:license key file path is:/home/liujinhui/桌面/icode-faceoffline/baidu/aip-linux/FaceOffline/test-face-api/license.ini

Fri Jul 13 15:41:24 2018:auth result in dll is success

Fri Jul 13 15:41:24 2018:in sdk init and is authed

Fri Jul 13 15:41:24 2018:out BaiduFaceApi::sdk_init and init success

Fri Jul 13 15:47:50 2018:license key is:YZYN-O1HT-FDER-K7E5

Fri Jul 13 15:47:50 2018:license key file path is:/home/liujinhui/桌面/icode-faceoffline/baidu/aip-linux/FaceOffline/test-face-api/license.ini

Fri Jul 13 15:47:50 2018:auth result in dll is success

Fri Jul 13 15:47:50 2018:in sdk init and is authed

Fri Jul 13 15:47:50 2018:out BaiduFaceApi::sdk_init and init success

Fri Jul 13 15:49:04 2018:license key is:YZYN-O1HT-FDER-K7E5

Fri Jul 13 15:49:04 2018:license key file path is:/home/liujinhui/桌面/icode-faceoffline/baidu/aip-linux/FaceOffline/test-face-api/license.ini

Fri Jul 13 15:49:04 2018:auth result in dll is success

Fri Jul 13 15:49:04 2018:in sdk init and is authed

Fri Jul 13 15:49:04 2018:out BaiduFaceApi::sdk_init and init success

Fri Jul 13 15:50:38 2018:license key is:YZYN-O1HT-FDER-K7E5

Fri Jul 13 15:50:38 2018:license key file path is:/home/liujinhui/桌面/icode-faceoffline/baidu/aip-linux/FaceOffline/test-face-api/license.ini

Fri Jul 13 15:50:38 2018:auth result in dll is success

Fri Jul 13 15:50:38 2018:in sdk init and is authed

Fri Jul 13 15:50:38 2018:out BaiduFaceApi::sdk_init and init success

Fri Jul 13 15:52:48 2018:license key is:YZYN-O1HT-FDER-K7E5

Fri Jul 13 15:52:48 2018:license key file path is:/home/liujinhui/桌面/icode-faceoffline/baidu/aip-linux/FaceOffline/test-face-api/license.ini

Fri Jul 13 15:52:48 2018:auth result in dll is success

Fri Jul 13 15:52:48 2018:in sdk init and is authed

Fri Jul 13 15:52:48 2018:out BaiduFaceApi::sdk_init and init success

Fri Jul 13 15:56:54 2018:license key is:YZYN-O1HT-FDER-K7E5

Fri Jul 13 15:56:54 2018:license key file path is:/home/liujinhui/桌面/icode-faceoffline/baidu/aip-linux/FaceOffline/test-face-api/license.ini

Fri Jul 13 15:56:54 2018:auth result in dll is success

Fri Jul 13 15:56:54 2018:in sdk init and is authed

Fri Jul 13 15:56:54 2018:out BaiduFaceApi::sdk_init and init success

Fri Jul 13 15:59:20 2018:license key is:YZYN-O1HT-FDER-K7E5

Fri Jul 13 15:59:20 2018:license key file path is:/home/liujinhui/桌面/icode-faceoffline/baidu/aip-linux/FaceOffline/test-face-api/license.ini

Fri Jul 13 15:59:20 2018:auth result in dll is success

Fri Jul 13 15:59:20 2018:in sdk init and is authed

Fri Jul 13 15:59:20 2018:out BaiduFaceApi::sdk_init and init success

Fri Jul 13 16:00:27 2018:license key is:YZYN-O1HT-FDER-K7E5

Fri Jul 13 16:00:27 2018:license key file path is:/home/liujinhui/桌面/icode-faceoffline/baidu/aip-linux/FaceOffline/test-face-api/license.ini

Fri Jul 13 16:00:27 2018:auth result in dll is success

Fri Jul 13 16:00:27 2018:in sdk init and is authed

Fri Jul 13 16:00:27 2018:out BaiduFaceApi::sdk_init and init success

Fri Jul 13 16:03:20 2018:license key is:YZYN-O1HT-FDER-K7E5

Fri Jul 13 16:03:20 2018:license key file path is:/home/liujinhui/桌面/icode-faceoffline/baidu/aip-linux/FaceOffline/test-face-api/license.ini

Fri Jul 13 16:03:20 2018:auth result in dll is success

Fri Jul 13 16:03:20 2018:in sdk init and is authed

Fri Jul 13 16:03:20 2018:out BaiduFaceApi::sdk_init and init success

Fri Jul 13 16:04:38 2018:license key is:YZYN-O1HT-FDER-K7E5

Fri Jul 13 16:04:38 2018:license key file path is:/home/liujinhui/桌面/icode-faceoffline/baidu/aip-linux/FaceOffline/test-face-api/license.ini

Fri Jul 13 16:04:38 2018:auth result in dll is success

Fri Jul 13 16:04:38 2018:in sdk init and is authed

Fri Jul 13 16:04:38 2018:out BaiduFaceApi::sdk_init and init success

Fri Jul 13 16:06:55 2018:license key is:YZYN-O1HT-FDER-K7E5

Fri Jul 13 16:06:55 2018:license key file path is:/home/liujinhui/桌面/icode-faceoffline/baidu/aip-linux/FaceOffline/test-face-api/license.ini

Fri Jul 13 16:06:55 2018:auth result in dll is success

Fri Jul 13 16:06:55 2018:in sdk init and is authed

Fri Jul 13 16:06:55 2018:out BaiduFaceApi::sdk_init and init success

Fri Jul 13 16:08:09 2018:license key is:YZYN-O1HT-FDER-K7E5

Fri Jul 13 16:08:09 2018:license key file path is:/home/liujinhui/桌面/icode-faceoffline/baidu/aip-linux/FaceOffline/test-face-api/license.ini

Fri Jul 13 16:08:09 2018:auth result in dll is success

Fri Jul 13 16:08:09 2018:in sdk init and is authed

Fri Jul 13 16:08:09 2018:out BaiduFaceApi::sdk_init and init success

Fri Jul 13 16:12:22 2018:license key is:YZYN-O1HT-FDER-K7E5

Fri Jul 13 16:12:22 2018:license key file path is:/home/liujinhui/桌面/icode-faceoffline/baidu/aip-linux/FaceOffline/test-face-api/license.ini

Fri Jul 13 16:12:22 2018:auth result in dll is success

Fri Jul 13 16:12:22 2018:in sdk init and is authed

Fri Jul 13 16:12:22 2018:out BaiduFaceApi::sdk_init and init success

Fri Jul 13 16:13:35 2018:license key is:YZYN-O1HT-FDER-K7E5

Fri Jul 13 16:13:35 2018:license key file path is:/home/liujinhui/桌面/icode-faceoffline/baidu/aip-linux/FaceOffline/test-face-api/license.ini

Fri Jul 13 16:13:35 2018:auth result in dll is success

Fri Jul 13 16:13:35 2018:in sdk init and is authed

Fri Jul 13 16:13:35 2018:out BaiduFaceApi::sdk_init and init success

Mon Jul 16 11:54:18 2018:license key is:QFPG-A3HC-GQLX-YWEN

Mon Jul 16 11:54:18 2018:license key file path is:/home/liujinhui/桌面/icode-faceoffline/baidu/aip-linux/FaceOffline/test-face-api/license.ini

Mon Jul 16 11:54:18 2018:auth result in dll is success

Mon Jul 16 11:54:18 2018:in sdk init and is authed

Mon Jul 16 11:54:18 2018:out BaiduFaceApi::sdk_init and init success

Mon Jul 16 14:42:08 2018:license key is:QFPG-A3HC-GQLX-YWEN

Mon Jul 16 14:42:08 2018:license key file path is:/home/liujinhui/桌面/icode-faceoffline/baidu/aip-linux/FaceOffline/test-face-api/license.ini

Mon Jul 16 14:42:08 2018:auth result in dll is success

Mon Jul 16 14:42:08 2018:in sdk init and is authed

Mon Jul 16 14:42:08 2018:out BaiduFaceApi::sdk_init and init success

Mon Jul 16 14:45:06 2018:license key is:QFPG-A3HC-GQLX-YWEN

Mon Jul 16 14:45:06 2018:license key file path is:/home/liujinhui/桌面/icode-faceoffline/baidu/aip-linux/FaceOffline/test-face-api/license.ini

Mon Jul 16 14:45:06 2018:auth result in dll is success

Mon Jul 16 14:45:06 2018:in sdk init and is authed

Mon Jul 16 14:45:06 2018:out BaiduFaceApi::sdk_init and init success

Mon Jul 16 14:53:48 2018:license key is:QFPG-A3HC-GQLX-YWEN

Mon Jul 16 14:53:48 2018:license key file path is:/home/liujinhui/桌面/icode-faceoffline/baidu/aip-linux/FaceOffline/test-face-api/license.ini

Mon Jul 16 14:53:48 2018:auth result in dll is success

Mon Jul 16 14:53:48 2018:in sdk init and is authed

Mon Jul 16 14:53:48 2018:out BaiduFaceApi::sdk_init and init success

Mon Jul 16 15:14:20 2018:license key is:QFPG-A3HC-GQLX-YWEN

Mon Jul 16 15:14:20 2018:license key file path is:/home/liujinhui/桌面/icode-faceoffline/baidu/aip-linux/FaceOffline/test-face-api/license.ini

Mon Jul 16 15:14:20 2018:auth result in dll is success

Mon Jul 16 15:14:20 2018:in sdk init and is authed

Mon Jul 16 15:14:20 2018:out BaiduFaceApi::sdk_init and init success

Mon Jul 16 17:22:32 2018:license key is:QFPG-A3HC-GQLX-YWEN

Mon Jul 16 17:22:32 2018:license key file path is:/home/liujinhui/桌面/icode-faceoffline/baidu/aip-linux/FaceOffline/test-face-api/license.ini

Mon Jul 16 17:22:32 2018:auth result in dll is success

Mon Jul 16 17:22:32 2018:in sdk init and is authed

Mon Jul 16 17:22:32 2018:out BaiduFaceApi::sdk_init and init success

Mon Jul 16 17:25:17 2018:license key is:QFPG-A3HC-GQLX-YWEN

Mon Jul 16 17:25:17 2018:license key file path is:/home/liujinhui/桌面/icode-faceoffline/baidu/aip-linux/FaceOffline/test-face-api/license.ini

Mon Jul 16 17:25:17 2018:auth result in dll is success

Mon Jul 16 17:25:17 2018:in sdk init and is authed

Mon Jul 16 17:25:17 2018:out BaiduFaceApi::sdk_init and init success

Mon Jul 16 17:27:47 2018:license key is:QFPG-A3HC-GQLX-YWEN

Mon Jul 16 17:27:47 2018:license key file path is:/home/liujinhui/桌面/icode-faceoffline/baidu/aip-linux/FaceOffline/test-face-api/license.ini

Mon Jul 16 17:27:47 2018:auth result in dll is success

Mon Jul 16 17:27:47 2018:in sdk init and is authed

Mon Jul 16 17:27:47 2018:out BaiduFaceApi::sdk_init and init success

Mon Jul 16 17:40:55 2018:license key is:QFPG-A3HC-GQLX-YWEN

Mon Jul 16 17:40:55 2018:license key file path is:/home/liujinhui/桌面/icode-faceoffline/baidu/aip-linux/FaceOffline/test-face-api/license.ini

Mon Jul 16 17:40:55 2018:auth result in dll is success

Mon Jul 16 17:40:55 2018:in sdk init and is authed

Mon Jul 16 17:40:55 2018:out BaiduFaceApi::sdk_init and init success

Mon Jul 16 17:42:34 2018:license key is:QFPG-A3HC-GQLX-YWEN

Mon Jul 16 17:42:34 2018:license key file path is:/home/liujinhui/桌面/icode-faceoffline/baidu/aip-linux/FaceOffline/test-face-api/license.ini

Mon Jul 16 17:42:34 2018:auth result in dll is success

Mon Jul 16 17:42:34 2018:in sdk init and is authed

Mon Jul 16 17:42:34 2018:out BaiduFaceApi::sdk_init and init success

Mon Jul 16 17:46:07 2018:license key is:QFPG-A3HC-GQLX-YWEN

Mon Jul 16 17:46:07 2018:license key file path is:/home/liujinhui/桌面/icode-faceoffline/baidu/aip-linux/FaceOffline/test-face-api/license.ini

Mon Jul 16 17:46:07 2018:auth result in dll is success

Mon Jul 16 17:46:07 2018:in sdk init and is authed

Mon Jul 16 17:46:07 2018:out BaiduFaceApi::sdk_init and init success

Mon Jul 16 17:52:28 2018:license key is:QFPG-A3HC-GQLX-YWEN

Mon Jul 16 17:52:28 2018:license key file path is:/home/liujinhui/桌面/icode-faceoffline/baidu/aip-linux/FaceOffline/test-face-api/license.ini

Mon Jul 16 17:52:28 2018:auth result in dll is success

Mon Jul 16 17:52:28 2018:in sdk init and is authed

Mon Jul 16 17:52:28 2018:out BaiduFaceApi::sdk_init and init success

Mon Jul 16 18:47:48 2018:license key is:QFPG-A3HC-GQLX-YWEN

Mon Jul 16 18:47:48 2018:license key file path is:/home/liujinhui/桌面/icode-faceoffline/baidu/aip-linux/FaceOffline/test-face-api/license.ini

Mon Jul 16 18:47:48 2018:auth result in dll is success

Mon Jul 16 18:47:48 2018:in sdk init and is authed

Mon Jul 16 18:47:48 2018:out BaiduFaceApi::sdk_init and init success

Mon Jul 16 18:54:05 2018:license key is:QFPG-A3HC-GQLX-YWEN

Mon Jul 16 18:54:05 2018:license key file path is:/home/liujinhui/桌面/icode-faceoffline/baidu/aip-linux/FaceOffline/test-face-api/license.ini

Mon Jul 16 18:54:05 2018:auth result in dll is success

Mon Jul 16 18:54:05 2018:in sdk init and is authed

Mon Jul 16 18:54:05 2018:out BaiduFaceApi::sdk_init and init success

Mon Jul 16 19:39:29 2018:license key is:QFPG-A3HC-GQLX-YWEN

Mon Jul 16 19:39:29 2018:license key file path is:/home/liujinhui/桌面/icode-faceoffline/baidu/aip-linux/FaceOffline/test-face-api/license.ini

Mon Jul 16 19:39:29 2018:auth result in dll is success

Mon Jul 16 19:39:29 2018:in sdk init and is authed

Mon Jul 16 19:39:29 2018:out BaiduFaceApi::sdk_init and init success

Tue Jul 17 11:26:20 2018:license key is:QFPG-A3HC-GQLX-YWEN

Tue Jul 17 11:26:20 2018:license key file path is:/home/liujinhui/桌面/icode-faceoffline/baidu/aip-linux/FaceOffline/test-face-api/license.ini

Tue Jul 17 11:26:20 2018:auth result in dll is success

Tue Jul 17 11:26:20 2018:in sdk init and is authed

Tue Jul 17 11:26:20 2018:out BaiduFaceApi::sdk_init and init success

Tue Jul 17 12:04:34 2018:license key is:QFPG-A3HC-GQLX-YWEN

Tue Jul 17 12:04:34 2018:license key file path is:/home/liujinhui/桌面/icode-faceoffline/baidu/aip-linux/FaceOffline/test-face-api/license.ini

Tue Jul 17 12:04:34 2018:auth result in dll is success

Tue Jul 17 12:04:34 2018:in sdk init and is authed

Tue Jul 17 12:04:34 2018:out BaiduFaceApi::sdk_init and init success

Tue Jul 17 12:10:18 2018:license key is:QFPG-A3HC-GQLX-YWEN

Tue Jul 17 12:10:18 2018:license key file path is:/home/liujinhui/桌面/icode-faceoffline/baidu/aip-linux/FaceOffline/test-face-api/license.ini

Tue Jul 17 12:10:18 2018:auth result in dll is success

Tue Jul 17 12:10:18 2018:in sdk init and is authed

Tue Jul 17 12:10:18 2018:out BaiduFaceApi::sdk_init and init success

Tue Jul 17 12:14:29 2018:license key is:QFPG-A3HC-GQLX-YWEN

Tue Jul 17 12:14:29 2018:license key file path is:/home/liujinhui/桌面/icode-faceoffline/baidu/aip-linux/FaceOffline/test-face-api/license.ini

Tue Jul 17 12:14:29 2018:auth result in dll is success

Tue Jul 17 12:14:29 2018:in sdk init and is authed

Tue Jul 17 12:14:29 2018:out BaiduFaceApi::sdk_init and init success

Tue Jul 17 12:15:49 2018:license key is:QFPG-A3HC-GQLX-YWEN

Tue Jul 17 12:15:49 2018:license key file path is:/home/liujinhui/桌面/icode-faceoffline/baidu/aip-linux/FaceOffline/test-face-api/license.ini

Tue Jul 17 12:15:49 2018:auth result in dll is success

Tue Jul 17 12:15:49 2018:in sdk init and is authed

Tue Jul 17 12:15:49 2018:out BaiduFaceApi::sdk_init and init success

Tue Jul 17 13:50:04 2018:license key is:QFPG-A3HC-GQLX-YWEN

Tue Jul 17 13:50:04 2018:license key file path is:/home/liujinhui/桌面/icode-faceoffline/baidu/aip-linux/FaceOffline/test-face-api/license.ini

Tue Jul 17 13:50:04 2018:auth result in dll is success

Tue Jul 17 13:50:04 2018:in sdk init and is authed

Tue Jul 17 13:50:04 2018:out BaiduFaceApi::sdk_init and init success

Tue Jul 17 13:51:42 2018:license key is:QFPG-A3HC-GQLX-YWEN

Tue Jul 17 13:51:42 2018:license key file path is:/home/liujinhui/桌面/icode-faceoffline/baidu/aip-linux/FaceOffline/test-face-api/license.ini

Tue Jul 17 13:51:42 2018:auth result in dll is success

Tue Jul 17 13:51:42 2018:in sdk init and is authed

Tue Jul 17 13:51:42 2018:out BaiduFaceApi::sdk_init and init success

Tue Jul 17 14:24:11 2018:license key is:QFPG-A3HC-GQLX-YWEN

Tue Jul 17 14:24:11 2018:license key file path is:/home/liujinhui/桌面/icode-faceoffline/baidu/aip-linux/FaceOffline/test-face-api/license.ini

Tue Jul 17 14:24:11 2018:auth result in dll is success

Tue Jul 17 14:24:11 2018:in sdk init and is authed

Tue Jul 17 14:24:11 2018:out BaiduFaceApi::sdk_init and init success

Tue Jul 17 14:25:30 2018:license key is:QFPG-A3HC-GQLX-YWEN

Tue Jul 17 14:25:30 2018:license key file path is:/home/liujinhui/桌面/icode-faceoffline/baidu/aip-linux/FaceOffline/test-face-api/license.ini

Tue Jul 17 14:25:30 2018:auth result in dll is success

Tue Jul 17 14:25:30 2018:in sdk init and is authed

Tue Jul 17 14:25:30 2018:out BaiduFaceApi::sdk_init and init success

Tue Jul 17 14:36:11 2018:license key is:QFPG-A3HC-GQLX-YWEN

Tue Jul 17 14:36:11 2018:license key file path is:/home/liujinhui/桌面/icode-faceoffline/baidu/aip-linux/FaceOffline/test-face-api/license.ini

Tue Jul 17 14:36:11 2018:auth result in dll is success

Tue Jul 17 14:36:11 2018:in sdk init and is authed

Tue Jul 17 14:36:11 2018:out BaiduFaceApi::sdk_init and init success

Tue Jul 17 14:40:25 2018:license key is:QFPG-A3HC-GQLX-YWEN

Tue Jul 17 14:40:25 2018:license key file path is:/home/liujinhui/桌面/icode-faceoffline/baidu/aip-linux/FaceOffline/test-face-api/license.ini

Tue Jul 17 14:40:25 2018:auth result in dll is success

Tue Jul 17 14:40:25 2018:in sdk init and is authed

Tue Jul 17 14:40:25 2018:out BaiduFaceApi::sdk_init and init success

Tue Jul 17 14:44:06 2018:license key is:QFPG-A3HC-GQLX-YWEN

Tue Jul 17 14:44:06 2018:license key file path is:/home/liujinhui/桌面/icode-faceoffline/baidu/aip-linux/FaceOffline/test-face-api/license.ini

Tue Jul 17 14:44:06 2018:auth result in dll is success

Tue Jul 17 14:44:06 2018:in sdk init and is authed

Tue Jul 17 14:44:06 2018:out BaiduFaceApi::sdk_init and init success

Tue Jul 17 14:47:40 2018:license key is:QFPG-A3HC-GQLX-YWEN

Tue Jul 17 14:47:40 2018:license key file path is:/home/liujinhui/桌面/icode-faceoffline/baidu/aip-linux/FaceOffline/test-face-api/license.ini

Tue Jul 17 14:47:40 2018:auth result in dll is success

Tue Jul 17 14:47:40 2018:in sdk init and is authed

Tue Jul 17 14:47:40 2018:out BaiduFaceApi::sdk_init and init success

Tue Jul 17 14:52:56 2018:license key is:QFPG-A3HC-GQLX-YWEN

Tue Jul 17 14:52:56 2018:license key file path is:/home/liujinhui/桌面/icode-faceoffline/baidu/aip-linux/FaceOffline/test-face-api/license.ini

Tue Jul 17 14:52:56 2018:auth result in dll is success

Tue Jul 17 14:52:56 2018:in sdk init and is authed

Tue Jul 17 14:52:56 2018:out BaiduFaceApi::sdk_init and init success

Tue Jul 17 15:11:42 2018:license key is:QFPG-A3HC-GQLX-YWEN

Tue Jul 17 15:11:42 2018:license key file path is:/home/liujinhui/桌面/icode-faceoffline/baidu/aip-linux/FaceOffline/test-face-api/license.ini

Tue Jul 17 15:11:42 2018:auth result in dll is success

Tue Jul 17 15:11:42 2018:in sdk init and is authed

Tue Jul 17 15:11:42 2018:out BaiduFaceApi::sdk_init and init success

Tue Jul 17 15:15:05 2018:license key is:QFPG-A3HC-GQLX-YWEN

Tue Jul 17 15:15:05 2018:license key file path is:/home/liujinhui/桌面/icode-faceoffline/baidu/aip-linux/FaceOffline/test-face-api/license.ini

Tue Jul 17 15:15:05 2018:auth result in dll is success

Tue Jul 17 15:15:05 2018:in sdk init and is authed

Tue Jul 17 15:15:05 2018:out BaiduFaceApi::sdk_init and init success

Tue Jul 17 15:24:17 2018:license key is:QFPG-A3HC-GQLX-YWEN

Tue Jul 17 15:24:17 2018:license key file path is:/home/liujinhui/桌面/icode-faceoffline/baidu/aip-linux/FaceOffline/test-face-api/license.ini

Tue Jul 17 15:24:17 2018:auth result in dll is success

Tue Jul 17 15:24:17 2018:in sdk init and is authed

Tue Jul 17 15:24:17 2018:out BaiduFaceApi::sdk_init and init success

Tue Jul 17 15:36:54 2018:license key is:QFPG-A3HC-GQLX-YWEN

Tue Jul 17 15:36:54 2018:license key file path is:/home/liujinhui/桌面/icode-faceoffline/baidu/aip-linux/FaceOffline/test-face-api/license.ini

Tue Jul 17 15:36:54 2018:auth result in dll is success

Tue Jul 17 15:36:54 2018:in sdk init and is authed

Tue Jul 17 15:36:54 2018:out BaiduFaceApi::sdk_init and init success

Tue Jul 17 15:38:16 2018:license key is:QFPG-A3HC-GQLX-YWEN

Tue Jul 17 15:38:16 2018:license key file path is:/home/liujinhui/桌面/icode-faceoffline/baidu/aip-linux/FaceOffline/test-face-api/license.ini

Tue Jul 17 15:38:16 2018:auth result in dll is success

Tue Jul 17 15:38:16 2018:in sdk init and is authed

Tue Jul 17 15:38:16 2018:out BaiduFaceApi::sdk_init and init success

Tue Jul 17 15:41:16 2018:license key is:QFPG-A3HC-GQLX-YWEN

Tue Jul 17 15:41:16 2018:license key file path is:/home/liujinhui/桌面/icode-faceoffline/baidu/aip-linux/FaceOffline/test-face-api/license.ini

Tue Jul 17 15:41:16 2018:auth result in dll is success

Tue Jul 17 15:41:16 2018:in sdk init and is authed

Tue Jul 17 15:41:16 2018:out BaiduFaceApi::sdk_init and init success

Tue Jul 17 15:55:07 2018:license key is:QFPG-A3HC-GQLX-YWEN

Tue Jul 17 15:55:07 2018:license key file path is:/home/liujinhui/桌面/icode-faceoffline/baidu/aip-linux/FaceOffline/test-face-api/license.ini

Tue Jul 17 15:55:07 2018:auth result in dll is success

Tue Jul 17 15:55:07 2018:in sdk init and is authed

Tue Jul 17 15:55:07 2018:out BaiduFaceApi::sdk_init and init success

Tue Jul 17 15:59:22 2018:license key is:QFPG-A3HC-GQLX-YWEN

Tue Jul 17 15:59:22 2018:license key file path is:/home/liujinhui/桌面/icode-faceoffline/baidu/aip-linux/FaceOffline/test-face-api/license.ini

Tue Jul 17 15:59:22 2018:auth result in dll is success

Tue Jul 17 15:59:22 2018:in sdk init and is authed

Tue Jul 17 15:59:22 2018:out BaiduFaceApi::sdk_init and init success

Tue Jul 17 16:06:31 2018:license key is:QFPG-A3HC-GQLX-YWEN

Tue Jul 17 16:06:31 2018:license key file path is:/home/liujinhui/桌面/icode-faceoffline/baidu/aip-linux/FaceOffline/test-face-api/license.ini

Tue Jul 17 16:06:31 2018:auth result in dll is success

Tue Jul 17 16:06:31 2018:in sdk init and is authed

Tue Jul 17 16:06:31 2018:out BaiduFaceApi::sdk_init and init success

Tue Jul 17 16:08:22 2018:license key is:QFPG-A3HC-GQLX-YWEN

Tue Jul 17 16:08:22 2018:license key file path is:/home/liujinhui/桌面/icode-faceoffline/baidu/aip-linux/FaceOffline/test-face-api/license.ini

Tue Jul 17 16:08:22 2018:auth result in dll is success

Tue Jul 17 16:08:22 2018:in sdk init and is authed

Tue Jul 17 16:08:22 2018:out BaiduFaceApi::sdk_init and init success

Tue Jul 17 16:08:49 2018:license key is:QFPG-A3HC-GQLX-YWEN

Tue Jul 17 16:08:49 2018:license key file path is:/home/liujinhui/桌面/icode-faceoffline/baidu/aip-linux/FaceOffline/test-face-api/license.ini

Tue Jul 17 16:08:49 2018:auth result in dll is success

Tue Jul 17 16:08:49 2018:in sdk init and is authed

Tue Jul 17 16:08:49 2018:out BaiduFaceApi::sdk_init and init success

Tue Jul 17 16:09:05 2018:license key is:QFPG-A3HC-GQLX-YWEN

Tue Jul 17 16:09:05 2018:license key file path is:/home/liujinhui/桌面/icode-faceoffline/baidu/aip-linux/FaceOffline/test-face-api/license.ini

Tue Jul 17 16:09:05 2018:auth result in dll is success

Tue Jul 17 16:09:05 2018:in sdk init and is authed

Tue Jul 17 16:09:05 2018:out BaiduFaceApi::sdk_init and init success

Tue Jul 17 16:12:27 2018:license key is:QFPG-A3HC-GQLX-YWEN

Tue Jul 17 16:12:27 2018:license key file path is:/home/liujinhui/桌面/icode-faceoffline/baidu/aip-linux/FaceOffline/test-face-api/license.ini

Tue Jul 17 16:12:27 2018:auth result in dll is success

Tue Jul 17 16:12:27 2018:in sdk init and is authed

Tue Jul 17 16:12:27 2018:out BaiduFaceApi::sdk_init and init success

Tue Jul 17 16:14:35 2018:license key is:QFPG-A3HC-GQLX-YWEN

Tue Jul 17 16:14:35 2018:license key file path is:/home/liujinhui/桌面/icode-faceoffline/baidu/aip-linux/FaceOffline/test-face-api/license.ini

Tue Jul 17 16:14:35 2018:auth result in dll is success

Tue Jul 17 16:14:35 2018:in sdk init and is authed

Tue Jul 17 16:14:35 2018:out BaiduFaceApi::sdk_init and init success

Tue Jul 17 16:16:31 2018:license key is:QFPG-A3HC-GQLX-YWEN

Tue Jul 17 16:16:31 2018:license key file path is:/home/liujinhui/桌面/icode-faceoffline/baidu/aip-linux/FaceOffline/test-face-api/license.ini

Tue Jul 17 16:16:31 2018:auth result in dll is success

Tue Jul 17 16:16:31 2018:in sdk init and is authed

Tue Jul 17 16:16:31 2018:out BaiduFaceApi::sdk_init and init success

Tue Jul 17 16:17:30 2018:license key is:QFPG-A3HC-GQLX-YWEN

Tue Jul 17 16:17:30 2018:license key file path is:/home/liujinhui/桌面/icode-faceoffline/baidu/aip-linux/FaceOffline/test-face-api/license.ini

Tue Jul 17 16:17:30 2018:auth result in dll is success

Tue Jul 17 16:17:30 2018:in sdk init and is authed

Tue Jul 17 16:17:30 2018:out BaiduFaceApi::sdk_init and init success

Tue Jul 17 16:23:19 2018:license key is:QFPG-A3HC-GQLX-YWEN

Tue Jul 17 16:23:19 2018:license key file path is:/home/liujinhui/桌面/icode-faceoffline/baidu/aip-linux/FaceOffline/test-face-api/license.ini

Tue Jul 17 16:23:19 2018:auth result in dll is success

Tue Jul 17 16:23:19 2018:in sdk init and is authed

Tue Jul 17 16:23:19 2018:out BaiduFaceApi::sdk_init and init success

Tue Jul 17 16:24:55 2018:license key is:QFPG-A3HC-GQLX-YWEN

Tue Jul 17 16:24:55 2018:license key file path is:/home/liujinhui/桌面/icode-faceoffline/baidu/aip-linux/FaceOffline/test-face-api/license.ini

Tue Jul 17 16:24:55 2018:auth result in dll is success

Tue Jul 17 16:24:55 2018:in sdk init and is authed

Tue Jul 17 16:24:55 2018:out BaiduFaceApi::sdk_init and init success

Tue Jul 17 16:28:15 2018:license key is:QFPG-A3HC-GQLX-YWEN

Tue Jul 17 16:28:15 2018:license key file path is:/home/liujinhui/桌面/icode-faceoffline/baidu/aip-linux/FaceOffline/test-face-api/license.ini

Tue Jul 17 16:28:15 2018:auth result in dll is success

Tue Jul 17 16:28:15 2018:in sdk init and is authed

Tue Jul 17 16:28:15 2018:out BaiduFaceApi::sdk_init and init success

Tue Jul 17 16:28:33 2018:license key is:QFPG-A3HC-GQLX-YWEN

Tue Jul 17 16:28:33 2018:license key file path is:/home/liujinhui/桌面/icode-faceoffline/baidu/aip-linux/FaceOffline/test-face-api/license.ini

Tue Jul 17 16:28:33 2018:auth result in dll is success

Tue Jul 17 16:28:33 2018:in sdk init and is authed

Tue Jul 17 16:28:33 2018:out BaiduFaceApi::sdk_init and init success

Tue Jul 17 16:30:11 2018:license key is:QFPG-A3HC-GQLX-YWEN

Tue Jul 17 16:30:11 2018:license key file path is:/home/liujinhui/桌面/icode-faceoffline/baidu/aip-linux/FaceOffline/test-face-api/license.ini

Tue Jul 17 16:30:11 2018:auth result in dll is success

Tue Jul 17 16:30:11 2018:in sdk init and is authed

Tue Jul 17 16:30:11 2018:out BaiduFaceApi::sdk_init and init success

Tue Jul 17 16:31:10 2018:license key is:QFPG-A3HC-GQLX-YWEN

Tue Jul 17 16:31:10 2018:license key file path is:/home/liujinhui/桌面/icode-faceoffline/baidu/aip-linux/FaceOffline/test-face-api/license.ini

Tue Jul 17 16:31:10 2018:auth result in dll is success

Tue Jul 17 16:31:10 2018:in sdk init and is authed

Tue Jul 17 16:31:10 2018:out BaiduFaceApi::sdk_init and init success

Tue Jul 17 16:33:17 2018:license key is:QFPG-A3HC-GQLX-YWEN

Tue Jul 17 16:33:17 2018:license key file path is:/home/liujinhui/桌面/icode-faceoffline/baidu/aip-linux/FaceOffline/test-face-api/license.ini

Tue Jul 17 16:33:17 2018:auth result in dll is success

Tue Jul 17 16:33:17 2018:in sdk init and is authed

Tue Jul 17 16:33:17 2018:out BaiduFaceApi::sdk_init and init success

Tue Jul 17 16:34:23 2018:license key is:QFPG-A3HC-GQLX-YWEN

Tue Jul 17 16:34:23 2018:license key file path is:/home/liujinhui/桌面/icode-faceoffline/baidu/aip-linux/FaceOffline/test-face-api/license.ini

Tue Jul 17 16:34:23 2018:auth result in dll is success

Tue Jul 17 16:34:23 2018:in sdk init and is authed

Tue Jul 17 16:34:23 2018:out BaiduFaceApi::sdk_init and init success

Tue Jul 17 16:35:06 2018:license key is:QFPG-A3HC-GQLX-YWEN

Tue Jul 17 16:35:06 2018:license key file path is:/home/liujinhui/桌面/icode-faceoffline/baidu/aip-linux/FaceOffline/test-face-api/license.ini

Tue Jul 17 16:35:06 2018:auth result in dll is success

Tue Jul 17 16:35:06 2018:in sdk init and is authed

Tue Jul 17 16:35:06 2018:out BaiduFaceApi::sdk_init and init success

Tue Jul 17 16:36:43 2018:license key is:QFPG-A3HC-GQLX-YWEN

Tue Jul 17 16:36:43 2018:license key file path is:/home/liujinhui/桌面/icode-faceoffline/baidu/aip-linux/FaceOffline/test-face-api/license.ini

Tue Jul 17 16:36:43 2018:auth result in dll is success

Tue Jul 17 16:36:43 2018:in sdk init and is authed

Tue Jul 17 16:36:43 2018:out BaiduFaceApi::sdk_init and init success

Tue Jul 17 16:41:34 2018:license key is:QFPG-A3HC-GQLX-YWEN

Tue Jul 17 16:41:34 2018:license key file path is:/home/liujinhui/桌面/icode-faceoffline/baidu/aip-linux/FaceOffline/test-face-api/license.ini

Tue Jul 17 16:41:34 2018:auth result in dll is success

Tue Jul 17 16:41:34 2018:in sdk init and is authed

Tue Jul 17 16:41:34 2018:out BaiduFaceApi::sdk_init and init success

Tue Jul 17 16:46:31 2018:license key is:QFPG-A3HC-GQLX-YWEN

Tue Jul 17 16:46:31 2018:license key file path is:/home/liujinhui/桌面/icode-faceoffline/baidu/aip-linux/FaceOffline/test-face-api/license.ini

Tue Jul 17 16:46:31 2018:auth result in dll is success

Tue Jul 17 16:46:31 2018:in sdk init and is authed

Tue Jul 17 16:46:31 2018:out BaiduFaceApi::sdk_init and init success

Tue Jul 17 16:57:31 2018:license key is:QFPG-A3HC-GQLX-YWEN

Tue Jul 17 16:57:31 2018:license key file path is:/home/liujinhui/桌面/icode-faceoffline/baidu/aip-linux/FaceOffline/test-face-api/license.ini

Tue Jul 17 16:57:31 2018:auth result in dll is success

Tue Jul 17 16:57:31 2018:in sdk init and is authed

Tue Jul 17 16:57:31 2018:out BaiduFaceApi::sdk_init and init success

Tue Jul 17 17:02:41 2018:license key is:QFPG-A3HC-GQLX-YWEN

Tue Jul 17 17:02:41 2018:license key file path is:/home/liujinhui/桌面/icode-faceoffline/baidu/aip-linux/FaceOffline/test-face-api/license.ini

Tue Jul 17 17:02:41 2018:auth result in dll is success

Tue Jul 17 17:02:41 2018:in sdk init and is authed

Tue Jul 17 17:02:41 2018:out BaiduFaceApi::sdk_init and init success

Tue Jul 17 17:03:56 2018:license key is:QFPG-A3HC-GQLX-YWEN

Tue Jul 17 17:03:56 2018:license key file path is:/home/liujinhui/桌面/icode-faceoffline/baidu/aip-linux/FaceOffline/test-face-api/license.ini

Tue Jul 17 17:03:56 2018:auth result in dll is success

Tue Jul 17 17:03:56 2018:in sdk init and is authed

Tue Jul 17 17:03:56 2018:out BaiduFaceApi::sdk_init and init success

Tue Jul 17 17:06:29 2018:license key is:QFPG-A3HC-GQLX-YWEN

Tue Jul 17 17:06:29 2018:license key file path is:/home/liujinhui/桌面/icode-faceoffline/baidu/aip-linux/FaceOffline/test-face-api/license.ini

Tue Jul 17 17:06:29 2018:auth result in dll is success

Tue Jul 17 17:06:29 2018:in sdk init and is authed

Tue Jul 17 17:06:29 2018:out BaiduFaceApi::sdk_init and init success

Tue Jul 17 17:08:04 2018:license key is:QFPG-A3HC-GQLX-YWEN

Tue Jul 17 17:08:04 2018:license key file path is:/home/liujinhui/桌面/icode-faceoffline/baidu/aip-linux/FaceOffline/test-face-api/license.ini

Tue Jul 17 17:08:04 2018:auth result in dll is success

Tue Jul 17 17:08:04 2018:in sdk init and is authed

Tue Jul 17 17:08:04 2018:out BaiduFaceApi::sdk_init and init success

Tue Jul 17 17:09:39 2018:license key is:QFPG-A3HC-GQLX-YWEN

Tue Jul 17 17:09:39 2018:license key file path is:/home/liujinhui/桌面/icode-faceoffline/baidu/aip-linux/FaceOffline/test-face-api/license.ini

Tue Jul 17 17:09:39 2018:auth result in dll is success

Tue Jul 17 17:09:39 2018:in sdk init and is authed

Tue Jul 17 17:09:39 2018:out BaiduFaceApi::sdk_init and init success

Tue Jul 17 17:10:44 2018:license key is:QFPG-A3HC-GQLX-YWEN

Tue Jul 17 17:10:44 2018:license key file path is:/home/liujinhui/桌面/icode-faceoffline/baidu/aip-linux/FaceOffline/test-face-api/license.ini

Tue Jul 17 17:10:44 2018:auth result in dll is success

Tue Jul 17 17:10:44 2018:in sdk init and is authed

Tue Jul 17 17:10:44 2018:out BaiduFaceApi::sdk_init and init success

Tue Jul 17 17:23:07 2018:license key is:QFPG-A3HC-GQLX-YWEN

Tue Jul 17 17:23:07 2018:license key file path is:/home/liujinhui/桌面/icode-faceoffline/baidu/aip-linux/FaceOffline/test-face-api/license.ini

Tue Jul 17 17:23:07 2018:auth result in dll is success

Tue Jul 17 17:23:07 2018:in sdk init and is authed

Tue Jul 17 17:23:07 2018:out BaiduFaceApi::sdk_init and init success

Tue Jul 17 17:29:06 2018:license key is:QFPG-A3HC-GQLX-YWEN

Tue Jul 17 17:29:06 2018:license key file path is:/home/liujinhui/桌面/icode-faceoffline/baidu/aip-linux/FaceOffline/test-face-api/license.ini

Tue Jul 17 17:29:06 2018:auth result in dll is success

Tue Jul 17 17:29:06 2018:in sdk init and is authed

Tue Jul 17 17:29:06 2018:out BaiduFaceApi::sdk_init and init success

Wed Jul 18 18:49:45 2018:license key is:05QU-AJMN-WEF6-QH3G

Wed Jul 18 18:49:45 2018:license key file path is:/home/liujinhui/faceoffline/baidu/aip-linux/FaceOffline/test-face-api/license.ini

Wed Jul 18 18:49:45 2018:auth result in dll is success

Wed Jul 18 19:09:09 2018:license key is:05QU-AJMN-WEF6-QH3G

Wed Jul 18 19:09:09 2018:license key file path is:/home/liujinhui/faceoffline/baidu/aip-linux/FaceOffline/test-face-api/license.ini

Wed Jul 18 19:09:09 2018:auth result in dll is success

Wed Jul 18 19:12:18 2018:license key is:05QU-AJMN-WEF6-QH3G

Wed Jul 18 19:12:18 2018:license key file path is:/home/liujinhui/faceoffline/baidu/aip-linux/FaceOffline/test-face-api/license.ini

Wed Jul 18 19:12:18 2018:auth result in dll is success

Wed Jul 18 19:17:41 2018:license key is:05QU-AJMN-WEF6-QH3G

Wed Jul 18 19:17:41 2018:license key file path is:/home/liujinhui/faceoffline/baidu/aip-linux/FaceOffline/test-face-api/license.ini

Wed Jul 18 19:17:41 2018:auth result in dll is success

Wed Jul 18 19:24:33 2018:license key is:05QU-AJMN-WEF6-QH3G

Wed Jul 18 19:24:33 2018:license key file path is:/home/liujinhui/faceoffline/baidu/aip-linux/FaceOffline/test-face-api/license.ini

Wed Jul 18 19:24:33 2018:auth result in dll is success

Wed Jul 18 19:27:26 2018:license key is:05QU-AJMN-WEF6-QH3G

Wed Jul 18 19:27:26 2018:license key file path is:/home/liujinhui/faceoffline/baidu/aip-linux/FaceOffline/test-face-api/license.ini

Wed Jul 18 19:27:26 2018:auth result in dll is success

Wed Jul 18 19:28:26 2018:license key is:05QU-AJMN-WEF6-QH3G

Wed Jul 18 19:28:26 2018:license key file path is:/home/liujinhui/faceoffline/baidu/aip-linux/FaceOffline/test-face-api/license.ini

Wed Jul 18 19:28:26 2018:auth result in dll is success

Wed Jul 18 19:28:42 2018:license key is:05QU-AJMN-WEF6-QH3G

Wed Jul 18 19:28:42 2018:license key file path is:/home/liujinhui/faceoffline/baidu/aip-linux/FaceOffline/test-face-api/license.ini

Wed Jul 18 19:28:42 2018:auth result in dll is success

Wed Jul 18 19:31:17 2018:license key is:05QU-AJMN-WEF6-QH3G

Wed Jul 18 19:31:17 2018:license key file path is:/home/liujinhui/faceoffline/baidu/aip-linux/FaceOffline/test-face-api/license.ini

Wed Jul 18 19:31:17 2018:auth result in dll is success

Wed Jul 18 19:41:03 2018:license key is:05QU-AJMN-WEF6-QH3G

Wed Jul 18 19:41:03 2018:license key file path is:/home/liujinhui/faceoffline/baidu/aip-linux/FaceOffline/test-face-api/license.ini

Wed Jul 18 19:41:03 2018:auth result in dll is success

Wed Jul 18 19:47:40 2018:license key is:05QU-AJMN-WEF6-QH3G

Wed Jul 18 19:47:40 2018:license key file path is:/home/liujinhui/faceoffline/baidu/aip-linux/FaceOffline/test-face-api/license.ini

Wed Jul 18 19:47:40 2018:auth result in dll is success

Wed Jul 18 19:54:43 2018:license key is:05QU-AJMN-WEF6-QH3G

Wed Jul 18 19:54:43 2018:license key file path is:/home/liujinhui/faceoffline/baidu/aip-linux/FaceOffline/test-face-api/license.ini

Wed Jul 18 19:54:43 2018:auth result in dll is success

Wed Jul 18 20:14:58 2018:license key is:05QU-AJMN-WEF6-QH3G

Wed Jul 18 20:14:58 2018:license key file path is:/home/liujinhui/faceoffline/baidu/aip-linux/FaceOffline/test-face-api/license.ini

Wed Jul 18 20:14:58 2018:auth result in dll is success

Wed Jul 18 20:18:31 2018:license key is:05QU-AJMN-WEF6-QH3G

Wed Jul 18 20:18:31 2018:license key file path is:/home/liujinhui/faceoffline/baidu/aip-linux/FaceOffline/test-face-api/license.ini

Wed Jul 18 20:18:31 2018:auth result in dll is success

Wed Jul 18 20:21:49 2018:license key is:05QU-AJMN-WEF6-QH3G

Wed Jul 18 20:21:49 2018:license key file path is:/home/liujinhui/faceoffline/baidu/aip-linux/FaceOffline/test-face-api/license.ini

Wed Jul 18 20:21:49 2018:auth result in dll is success

Wed Jul 18 22:11:43 2018:license key is:05QU-AJMN-WEF6-QH3G

Wed Jul 18 22:11:43 2018:license key file path is:/home/liujinhui/faceoffline/baidu/aip-linux/FaceOffline/test-face-api/license.ini

Wed Jul 18 22:11:43 2018:auth result in dll is success

Wed Jul 18 22:15:51 2018:license key is:05QU-AJMN-WEF6-QH3G

Wed Jul 18 22:15:51 2018:license key file path is:/home/liujinhui/faceoffline/baidu/aip-linux/FaceOffline/test-face-api/license.ini

Wed Jul 18 22:15:51 2018:auth result in dll is success

Wed Jul 18 22:20:30 2018:license key is:05QU-AJMN-WEF6-QH3G

Wed Jul 18 22:20:30 2018:license key file path is:/home/liujinhui/faceoffline/baidu/aip-linux/FaceOffline/test-face-api/license.ini

Wed Jul 18 22:20:30 2018:auth result in dll is success

Thu Jul 19 00:56:06 2018:license key is:05QU-AJMN-WEF6-QH3G

Thu Jul 19 00:56:06 2018:license key file path is:/home/liujinhui/faceoffline/baidu/aip-linux/FaceOffline/test-face-api/license.ini

Thu Jul 19 00:56:06 2018:auth result in dll is success

Thu Jul 19 01:07:37 2018:license key is:05QU-AJMN-WEF6-QH3G

Thu Jul 19 01:07:37 2018:license key file path is:/home/liujinhui/faceoffline/baidu/aip-linux/FaceOffline/test-face-api/license.ini

Thu Jul 19 01:07:37 2018:auth result in dll is success

Thu Jul 19 01:10:52 2018:license key is:05QU-AJMN-WEF6-QH3G

Thu Jul 19 01:10:52 2018:license key file path is:/home/liujinhui/faceoffline/baidu/aip-linux/FaceOffline/test-face-api/license.ini

Thu Jul 19 01:10:52 2018:auth result in dll is success

Thu Jul 19 01:14:45 2018:license key is:05QU-AJMN-WEF6-QH3G

Thu Jul 19 01:14:45 2018:license key file path is:/home/liujinhui/faceoffline/baidu/aip-linux/FaceOffline/test-face-api/license.ini

Thu Jul 19 01:14:45 2018:auth result in dll is success

Thu Jul 19 01:18:50 2018:license key is:05QU-AJMN-WEF6-QH3G

Thu Jul 19 01:18:50 2018:license key file path is:/home/liujinhui/faceoffline/baidu/aip-linux/FaceOffline/test-face-api/license.ini

Thu Jul 19 01:18:50 2018:auth result in dll is success

Thu Jul 19 01:44:08 2018:license key is:05QU-AJMN-WEF6-QH3G

Thu Jul 19 01:44:08 2018:license key file path is:/home/liujinhui/faceoffline/baidu/aip-linux/FaceOffline/test-face-api/license.ini

Thu Jul 19 01:44:08 2018:auth result in dll is success

Thu Jul 19 01:51:49 2018:license key is:05QU-AJMN-WEF6-QH3G

Thu Jul 19 01:51:49 2018:license key file path is:/home/liujinhui/faceoffline/baidu/aip-linux/FaceOffline/test-face-api/license.ini

Thu Jul 19 01:51:49 2018:auth result in dll is success

Thu Jul 19 01:59:28 2018:license key is:05QU-AJMN-WEF6-QH3G

Thu Jul 19 01:59:28 2018:license key file path is:/home/liujinhui/faceoffline/baidu/aip-linux/FaceOffline/test-face-api/license.ini

Thu Jul 19 01:59:28 2018:auth result in dll is success

Thu Jul 19 02:11:06 2018:license key is:05QU-AJMN-WEF6-QH3G

Thu Jul 19 02:11:06 2018:license key file path is:/home/liujinhui/faceoffline/baidu/aip-linux/FaceOffline/test-face-api/license.ini

Thu Jul 19 02:11:06 2018:auth result in dll is success

Thu Jul 19 02:15:45 2018:license key is:05QU-AJMN-WEF6-QH3G

Thu Jul 19 02:15:45 2018:license key file path is:/home/liujinhui/faceoffline/baidu/aip-linux/FaceOffline/test-face-api/license.ini

Thu Jul 19 02:15:45 2018:auth result in dll is success

Thu Jul 19 02:20:15 2018:sdk_init fail for face-resource not exist

