Mon Jul 16 11:49:19 2018:in main

Mon Jul 16 11:49:19 2018:request license json is:{"deviceId":"F8B34556EAAD7AB4555996C3254AB00E","key":"QFPG-A3HC-GQLX-YWEN","platformType":1,"version":"1.0.0"}


Mon Jul 16 11:49:19 2018:get license file fail

Mon Jul 16 11:53:53 2018:in main

Mon Jul 16 11:53:53 2018:request license json is:{"deviceId":"F8B34556EAAD7AB4555996C3254AB00E","key":"QFPG-A3HC-GQLX-YWEN","platformType":1,"version":"1.0.0"}


Mon Jul 16 11:53:53 2018:response license json is:{"log_id":153171323314971,"result":{"license":"3B9F2F3DE9CDE54C3A0D2EBFA482A976AA018A147A23EE3B48BB35B0BE45E2BDA302CA38B816E1B50A33FD6771DB762667A3C75F7F8035FB65E18C55E797F7A22BCDB5A04A266B4AB0FD55C90C3FD0471E7B11D7E3C91BAA95FC8262ED62C3A7DA915DF264C1E75B523639E2856A5C76A1FD41B2494630D49864C5B83E8885C57B1AA40A3014EF4320973D43B24B7AF3E8DA168882F4589AEFD43731FFA9CEC6A1ABCCD9FE1A4F10DA5CA68852BDA9E5BB412FA93F0980FFCF55ACFDB7C21BFAE9F79E4D10FB0BC2000F7622C4AFCA0A97CD5F120039018277FDB904202E06271E5E992B6702FD9547BEDF6F32E3E08654E8CB46E192FDD5DB5EF09DFC22F9CF,62440FB8CF965901E6C2C1394F7AAD2DDA5A828F2570E9477C4671287F5A930F79C22AE92237ED3FD4991A8B75964FA840EEF5E2B4317C86BF73107B7D6D1440588188A70554F3332ABE08239893DA364724AA3B9C2DACAF674170306ADB3E8929280BB60C66DB379E7A528FFBD1ACBFACA4E4107F0864A0CE63E38958923006F4B209F979E59298D5A5C6F190D699E79D898030E98F30773835559D007244567AEFEBE7799D49813E663D11F918AA858116DB5E47BD625909F58BF372ADC2A7E42B58DB46347EA74188AEDCAA9241EDB075A255BBCA572560FB8716B0B488957C7E66928840B9EDCDFB63754A8418CB65DDA4344F94A52837E934C77BE1E5D0","cache":0}}

Mon Jul 16 11:53:53 2018:get license file success

Mon Jul 16 11:54:12 2018:in main

Mon Jul 16 11:54:12 2018:request license json is:{"deviceId":"F8B34556EAAD7AB4555996C3254AB00E","key":"QFPG-A3HC-GQLX-YWEN","platformType":1,"version":"1.0.0"}


Mon Jul 16 11:54:12 2018:response license json is:{"log_id":153171325218072,"result":{"license":"3B9F2F3DE9CDE54C3A0D2EBFA482A976AA018A147A23EE3B48BB35B0BE45E2BDA302CA38B816E1B50A33FD6771DB762667A3C75F7F8035FB65E18C55E797F7A22BCDB5A04A266B4AB0FD55C90C3FD0471E7B11D7E3C91BAA95FC8262ED62C3A7DA915DF264C1E75B523639E2856A5C76A1FD41B2494630D49864C5B83E8885C57B1AA40A3014EF4320973D43B24B7AF3E8DA168882F4589AEFD43731FFA9CEC6A1ABCCD9FE1A4F10DA5CA68852BDA9E5BB412FA93F0980FFCF55ACFDB7C21BFAE9F79E4D10FB0BC2000F7622C4AFCA0A97CD5F120039018277FDB904202E06271E5E992B6702FD9547BEDF6F32E3E08654E8CB46E192FDD5DB5EF09DFC22F9CF,62440FB8CF965901E6C2C1394F7AAD2DDA5A828F2570E9477C4671287F5A930F79C22AE92237ED3FD4991A8B75964FA840EEF5E2B4317C86BF73107B7D6D1440588188A70554F3332ABE08239893DA364724AA3B9C2DACAF674170306ADB3E8929280BB60C66DB379E7A528FFBD1ACBFACA4E4107F0864A0CE63E38958923006F4B209F979E59298D5A5C6F190D699E79D898030E98F30773835559D007244567AEFEBE7799D49813E663D11F918AA858116DB5E47BD625909F58BF372ADC2A7E42B58DB46347EA74188AEDCAA9241EDB075A255BBCA572560FB8716B0B488957C7E66928840B9EDCDFB63754A8418CB65DDA4344F94A52837E934C77BE1E5D0","cache":0}}

Mon Jul 16 11:54:12 2018:get license file success

Wed Jul 18 16:10:17 2018:in main

Wed Jul 18 16:10:17 2018:request license json is:{
	"deviceId" : "C2B28AA0304DEC81DA236DCF9E1EE797",
	"key" : "05QU-AJMN-WEF6-QH3G",
	"platformType" : 1,
	"version" : "1.0.0"
}

Wed Jul 18 16:10:17 2018:get license file fail

Wed Jul 18 22:12:21 2018:in main

Wed Jul 18 22:12:21 2018:request license json is:{
	"deviceId" : "C2B28AA0304DEC81DA236DCF9E1EE797",
	"key" : "05QU-AJMN-WEF6-QH3G",
	"platformType" : 1,
	"version" : "1.0.0"
}

Wed Jul 18 22:12:21 2018:get license file fail

Thu Jul 19 00:39:19 2018:in main

Thu Jul 19 16:00:00 2018:in main

Thu Jul 19 16:00:00 2018:request license json is:{"deviceId":"C2B28AA0304DEC81DA236DCF9E1EE797","key":"05QU-AJMN-WEF6-QH3G","platformType":1,"version":"1.0.0"}


Thu Jul 19 16:00:00 2018:get license file fail

Thu Jul 19 22:53:10 2018:in main

Thu Jul 19 22:53:10 2018:request license json is:{"deviceId":"C2B28AA0304DEC81DA236DCF9E1EE797","key":"05QU-AJMN-WEF6-QH3G","platformType":1,"version":"1.0.0"}


Thu Jul 19 22:53:10 2018:get license file fail

Thu Jul 19 22:54:07 2018:in main

Thu Jul 19 22:54:07 2018:request license json is:{"deviceId":"C2B28AA0304DEC81DA236DCF9E1EE797","key":"05QU-AJMN-WEF6-QH3G","platformType":1,"version":"1.0.0"}


Thu Jul 19 22:54:07 2018:get license file fail

Thu Jul 19 23:04:10 2018:in main

Thu Jul 19 23:04:10 2018:request license json is:{"deviceId":"C2B28AA0304DEC81DA236DCF9E1EE797","key":"05QU-AJMN-WEF6-QH3G","platformType":1,"version":"1.0.0"}


Thu Jul 19 23:04:10 2018:get license file fail

Thu Jul 19 23:21:52 2018:in main

Thu Jul 19 23:21:52 2018:request license json is:{"deviceId":"C2B28AA0304DEC81DA236DCF9E1EE797","key":"05QU-AJMN-WEF6-QH3G","platformType":1,"version":"1.0.0"}


Thu Jul 19 23:21:52 2018:get license file fail

Thu Jul 19 23:22:16 2018:in main

Thu Jul 19 23:22:16 2018:request license json is:{"deviceId":"C2B28AA0304DEC81DA236DCF9E1EE797","key":"05QU-AJMN-WEF6-QH3G","platformType":1,"version":"1.0.0"}


Thu Jul 19 23:22:16 2018:get license file fail

Thu Jul 19 23:25:22 2018:in main

Thu Jul 19 23:25:22 2018:request license json is:{"deviceId":"C2B28AA0304DEC81DA236DCF9E1EE797","key":"05QU-AJMN-WEF6-QH3G","platformType":1,"version":"1.0.0"}


Thu Jul 19 23:25:22 2018:get license file fail

Thu Jul 19 23:27:23 2018:in main

Thu Jul 19 23:27:23 2018:request license json is:{"deviceId":"C2B28AA0304DEC81DA236DCF9E1EE797","key":"05QU-AJMN-WEF6-QH3G","platformType":1,"version":"1.0.0"}


Thu Jul 19 23:27:23 2018:get license file fail

Thu Jul 19 23:40:46 2018:in main

Thu Jul 19 23:40:46 2018:request license json is:{"deviceId":"C2B28AA0304DEC81DA236DCF9E1EE797","key":"05QU-AJMN-WEF6-QH3G","platformType":1,"version":"1.0.0"}


Thu Jul 19 23:40:46 2018:get license file fail

Thu Jul 19 23:43:17 2018:in main

Thu Jul 19 23:43:17 2018:request license json is:{"deviceId":"C2B28AA0304DEC81DA236DCF9E1EE797","key":"05QU-AJMN-WEF6-QH3G","platformType":1,"version":"1.0.0"}


Thu Jul 19 23:43:17 2018:get license file fail

Thu Jul 19 23:46:50 2018:in main

Thu Jul 19 23:46:50 2018:request license json is:{"deviceId":"C2B28AA0304DEC81DA236DCF9E1EE797","key":"05QU-AJMN-WEF6-QH3G","platformType":1,"version":"1.0.0"}


Thu Jul 19 23:46:50 2018:get license file fail

Fri Jul 20 11:10:33 2018:in main

Fri Jul 20 11:10:33 2018:request license json is:{"deviceId":"F8B34556EAAD7AB4555996C3254AB00E","key":"05QU-AJMN-WEF6-QH3G","platformType":1,"version":"1.0.0"}


Fri Jul 20 11:10:33 2018:get license file fail

Fri Jul 20 11:15:31 2018:in main

Fri Jul 20 11:15:31 2018:request license json is:{"deviceId":"F8B34556EAAD7AB4555996C3254AB00E","key":"05QU-AJMN-WEF6-QH3G","platformType":1,"version":"1.0.0"}


Fri Jul 20 11:15:31 2018:response license json is:{"log_id":153205653163353,"error_code":290004,"error_msg":"license has actived on other device"}

Fri Jul 20 11:15:31 2018:get license file success

Fri Jul 20 11:51:09 2018:in main

Fri Jul 20 11:51:09 2018:request license json is:{"deviceId":"F8B34556EAAD7AB4555996C3254AB00E","key":"05QU-AJMN-WEF6-QH3G","platformType":1,"version":"1.0.0"}


Fri Jul 20 11:51:09 2018:response license json is:{"log_id":153205866933243,"error_code":290004,"error_msg":"license has actived on other device"}

Fri Jul 20 11:51:09 2018:get license file success

Fri Jul 20 12:01:44 2018:in main

Fri Jul 20 12:01:44 2018:request license json is:{"deviceId":"25CC270A1353558AC9C4AEB74A631B9F","key":"05QU-AJMN-WEF6-QH3G","platformType":1,"version":"1.0.0"}


Fri Jul 20 12:01:44 2018:response license json is:{"log_id":153205930481328,"error_code":290004,"error_msg":"license has actived on other device"}

Fri Jul 20 12:01:44 2018:get license file success

Fri Jul 20 12:39:04 2018:in main

Fri Jul 20 12:39:04 2018:request license json is:{"deviceId":"25CC270A1353558AC9C4AEB74A631B9F","key":"6PUV-SUKI-KQDZ-GJNE","platformType":1,"version":"1.0.0"}


Fri Jul 20 12:39:06 2018:get license file fail

Fri Jul 20 12:39:11 2018:in main

Fri Jul 20 12:39:11 2018:request license json is:{"deviceId":"25CC270A1353558AC9C4AEB74A631B9F","key":"6PUV-SUKI-KQDZ-GJNE","platformType":1,"version":"1.0.0"}


Fri Jul 20 12:39:13 2018:get license file fail

Fri Jul 20 12:40:12 2018:in main

Fri Jul 20 12:40:12 2018:request license json is:{"deviceId":"25CC270A1353558AC9C4AEB74A631B9F","key":"RA5E-ZMNY-UYZD-PRA1","platformType":1,"version":"1.0.0"}


Fri Jul 20 12:40:14 2018:get license file fail

Fri Jul 20 12:40:26 2018:in main

Fri Jul 20 12:40:26 2018:request license json is:{"deviceId":"25CC270A1353558AC9C4AEB74A631B9F","key":"RA5E-ZMNY-UYZD-PRA1","platformType":1,"version":"1.0.0"}


Fri Jul 20 12:40:28 2018:get license file fail

Fri Jul 20 12:41:26 2018:in main

Fri Jul 20 12:41:26 2018:request license json is:{"deviceId":"25CC270A1353558AC9C4AEB74A631B9F","key":"05QU-AJMN-WEF6-QH3G","platformType":1,"version":"1.0.0"}


Fri Jul 20 12:41:28 2018:get license file fail

Fri Jul 20 12:46:16 2018:in main

Fri Jul 20 12:46:16 2018:request license json is:{"deviceId":"25CC270A1353558AC9C4AEB74A631B9F","key":"PHUV-MIF0-QE3A-SF1P","platformType":1,"version":"1.0.0"}


Fri Jul 20 12:46:18 2018:get license file fail

Fri Jul 20 12:46:46 2018:in main

Fri Jul 20 12:46:46 2018:request license json is:{"deviceId":"25CC270A1353558AC9C4AEB74A631B9F","key":"PHUV-MIFO-QE3A-SF1P","platformType":1,"version":"1.0.0"}


Fri Jul 20 12:46:47 2018:response license json is:{"log_id":153206200770120,"error_code":290002,"error_msg":"key invalid"}

Fri Jul 20 12:46:47 2018:get license file success

Fri Jul 20 12:47:58 2018:in main

Fri Jul 20 12:47:58 2018:request license json is:{"deviceId":"25CC270A1353558AC9C4AEB74A631B9F","key":"PHUV-MIF0-QE3A-SF1P","platformType":1,"version":"1.0.0"}


Fri Jul 20 12:48:00 2018:get license file fail

Fri Jul 20 12:49:05 2018:in main

Fri Jul 20 12:49:05 2018:request license json is:{"deviceId":"25CC270A1353558AC9C4AEB74A631B9F","key":"PHUV-MIFO-QE3A-SF1P","platformType":1,"version":"1.0.0"}


Fri Jul 20 12:49:07 2018:get license file fail

Fri Jul 20 12:49:21 2018:in main

Fri Jul 20 12:49:21 2018:request license json is:{"deviceId":"25CC270A1353558AC9C4AEB74A631B9F","key":"PHUV-MIFO-QE3A-SF1P","platformType":1,"version":"1.0.0"}


Fri Jul 20 12:49:21 2018:response license json is:{"log_id":153206216178733,"error_code":290002,"error_msg":"key invalid"}

Fri Jul 20 12:49:21 2018:get license file success

Fri Jul 20 13:00:42 2018:in main

Fri Jul 20 13:00:42 2018:request license json is:{"deviceId":"25CC270A1353558AC9C4AEB74A631B9F","key":"PHUV-MIFO-QE3A-SF1P","platformType":1,"version":"1.0.0"}


Fri Jul 20 13:00:43 2018:response license json is:{"log_id":153206284316405,"error_code":290002,"error_msg":"key invalid"}

Fri Jul 20 13:00:43 2018:auth fail,please check callback find reason!{"log_id":153206284316405,"error_code":290002,"error_msg":"key invalid"}

Fri Jul 20 13:00:43 2018:get license file success

Fri Jul 20 13:40:59 2018:in main

Fri Jul 20 13:40:59 2018:request license json is:{"deviceId":"25CC270A1353558AC9C4AEB74A631B9F","key":"FMBQ-P6L3-VUZH-W58O","platformType":1,"version":"1.0.0"}


Fri Jul 20 13:40:59 2018:response license json is:{"log_id":153206525915848,"result":{"license":"727A4213430E110F1443B55CF41D1CF3D46321441F5732E685336AEED2F39377F9E99B7AC0E44B4BE15F9EA88E3CFC0E492A6EFC70EDBAC3ADAB5B8441C92608E201E89EC18B1528828D4B0671E1D344C970D71F44196DDDEBC52AC7A97C980D8AA0AD2BE0C0A398E8FD0BD54C0BF7E0B93EB16769780051C223A700B625E5C550848C330A317F8731C073973DA97669E003B07AE346E3D0AAEE57C9F8C6F1B1D902143A02EF81849DE9D1C93CE84D73F1584035A1009750B9732046EE4F7FAD8043B92643CC32A37B7EA4AC87A1A848B118F8BDAE4D778A1DE9949DB3631C09A573E01B71C15531FA90D1E98A075FC72A2D6DC505DA1F08666CEB41116A5836,62440FB8CF965901E6C2C1394F7AAD2DDA5A828F2570E9477C4671287F5A930F79C22AE92237ED3FD4991A8B75964FA840EEF5E2B4317C86BF73107B7D6D1440588188A70554F3332ABE08239893DA364724AA3B9C2DACAF674170306ADB3E8929280BB60C66DB379E7A528FFBD1ACBFACA4E4107F0864A0CE63E38958923006F4B209F979E59298D5A5C6F190D699E79D898030E98F30773835559D007244567AEFEBE7799D49813E663D11F918AA858116DB5E47BD625909F58BF372ADC2A7E42B58DB46347EA74188AEDCAA9241EDB075A255BBCA572560

Fri Jul 20 13:40:59 2018:auth fail,please check callback find reason!{"log_id":153206525915848,"result":{"license":"727A4213430E110F1443B55CF41D1CF3D46321441F5732E685336AEED2F39377F9E99B7AC0E44B4BE15F9EA88E3CFC0E492A6EFC70EDBAC3ADAB5B8441C92608E201E89EC18B1528828D4B0671E1D344C970D71F44196DDDEBC52AC7A97C980D8AA0AD2BE0C0A398E8FD0BD54C0BF7E0B93EB16769780051C223A700B625E5C550848C330A317F8731C073973DA97669E003B07AE346E3D0AAEE57C9F8C6F1B1D902143A02EF81849DE9D1C93CE84D73F1584035A1009750B9732046EE4F7FAD8043B92643CC32A37B7EA4AC87A1A848B118F8BDAE4D778A1DE9949DB3631C09A573E01B71C15531FA90D1E98A075FC72A2D6DC505DA1F08666CEB41116A5836,62440FB8CF965901E6C2C1394F7AAD2DDA5A828F2570E9477C4671287F5A930F79C22AE92237ED3FD4991A8B75964FA840EEF5E2B4317C86BF73107B7D6D1440588188A70554F3332ABE08239893DA364724AA3B9C2DACAF674170306ADB3E8929280BB60C66DB379E7A528FFBD1ACBFACA4E4107F0864A0CE63E38958923006F4B209F979E59298D5A5C6F190D699E79D898030E98F30773835559D007244567AEFEBE7799D49813E663D11F918AA858116DB5E47BD625909F58BF372ADC2A7E42B58DB46347EA74188AEDCAA9241EDB075A255BBCA572560

Fri Jul 20 13:40:59 2018:response license json is:FB8716B0B488957C7E66928840B9EDCDFB63754A8418CB65DDA4344F94A52837E934C77BE1E5D0","cache":0}}

Fri Jul 20 13:40:59 2018:auth fail,please check callback find reason!FB8716B0B488957C7E66928840B9EDCDFB63754A8418CB65DDA4344F94A52837E934C77BE1E5D0","cache":0}}

Fri Jul 20 13:40:59 2018:get license file success

Fri Jul 20 13:49:37 2018:in main

Fri Jul 20 13:49:37 2018:request license json is:{"deviceId":"25CC270A1353558AC9C4AEB74A631B9F","key":"FMBQ-P6L3-VUZH-W58O","platformType":1,"version":"1.0.0"}


Fri Jul 20 13:49:38 2018:response license json is:{"log_id":153206577806289,"result":{"license":"727A4213430E110F1443B55CF41D1CF3D46321441F5732E685336AEED2F39377F9E99B7AC0E44B4BE15F9EA88E3CFC0E492A6EFC70EDBAC3ADAB5B8441C92608E201E89EC18B1528828D4B0671E1D344C970D71F44196DDDEBC52AC7A97C980D8AA0AD2BE0C0A398E8FD0BD54C0BF7E0B93EB16769780051C223A700B625E5C550848C330A317F8731C073973DA97669E003B07AE346E3D0AAEE57C9F8C6F1B1D902143A02EF81849DE9D1C93CE84D73F1584035A1009750B9732046EE4F7FAD8043B92643CC32A37B7EA4AC87A1A848B118F8BDAE4D778A1DE9949DB3631C09A573E01B71C15531FA90D1E98A075FC72A2D6DC505DA1F08666CEB41116A5836,62440FB8CF965901E6C2C1394F7AAD2DDA5A828F2570E9477C4671287F5A930F79C22AE92237ED3FD4991A8B75964FA840EEF5E2B4317C86BF73107B7D6D1440588188A70554F3332ABE08239893DA364724AA3B9C2DACAF674170306ADB3E8929280BB60C66DB379E7A528FFBD1ACBFACA4E4107F0864A0CE63E38958923006F4B209F979E59298D5A5C6F190D699E79D898030E98F30773835559D007244567AEFEBE7799D49813E663D11F918AA858116DB5E47BD625909F58BF372ADC2A7E42B58DB46347EA74188AEDCAA9241EDB075A255BBCA572560FB8716B0B488957C7E66928840B9EDCDFB63754A8418CB65DDA4344F94A52837E934C77BE1E5D0","cache":0}}

Fri Jul 20 13:49:38 2018:save license file success

Fri Jul 20 13:49:38 2018:request license  success

Fri Jul 20 19:46:57 2018:in main

Fri Jul 20 19:46:57 2018:request license json is:{"deviceId":"C2B28AA0304DEC81DA236DCF9E1EE797","key":"05QU-AJMN-WEF6-QH3G","platformType":1,"version":"1.0.0"}


Fri Jul 20 19:46:57 2018:request license fail

